c:\users\chris\source\repos\neuralnetwork1\neuralnetwork1\debug\vc142.pdb
c:\users\chris\source\repos\neuralnetwork1\neuralnetwork1\debug\vc142.idb
c:\users\chris\source\repos\neuralnetwork1\neuralnetwork1\debug\activation.obj
c:\users\chris\source\repos\neuralnetwork1\neuralnetwork1\debug\datatuple.obj
c:\users\chris\source\repos\neuralnetwork1\neuralnetwork1\debug\datareader.obj
c:\users\chris\source\repos\neuralnetwork1\neuralnetwork1\debug\synapse.obj
c:\users\chris\source\repos\neuralnetwork1\neuralnetwork1\debug\neuralnetwork.obj
c:\users\chris\source\repos\neuralnetwork1\neuralnetwork1\debug\loss.obj
c:\users\chris\source\repos\neuralnetwork1\neuralnetwork1\debug\driver.obj
c:\users\chris\source\repos\neuralnetwork1\debug\neuralnetwork1.pdb
c:\users\chris\source\repos\neuralnetwork1\neuralnetwork1\debug\neuralnetwork1.tlog\cl.command.1.tlog
c:\users\chris\source\repos\neuralnetwork1\neuralnetwork1\debug\neuralnetwork1.tlog\cl.read.1.tlog
c:\users\chris\source\repos\neuralnetwork1\neuralnetwork1\debug\neuralnetwork1.tlog\cl.write.1.tlog
c:\users\chris\source\repos\neuralnetwork1\neuralnetwork1\debug\neuralnetwork1.tlog\link.2144-cvtres.read.1.tlog
c:\users\chris\source\repos\neuralnetwork1\neuralnetwork1\debug\neuralnetwork1.tlog\link.2144-cvtres.write.1.tlog
c:\users\chris\source\repos\neuralnetwork1\neuralnetwork1\debug\neuralnetwork1.tlog\link.2144-rc.read.1.tlog
c:\users\chris\source\repos\neuralnetwork1\neuralnetwork1\debug\neuralnetwork1.tlog\link.2144-rc.write.1.tlog
c:\users\chris\source\repos\neuralnetwork1\neuralnetwork1\debug\neuralnetwork1.tlog\link.2144.read.1.tlog
c:\users\chris\source\repos\neuralnetwork1\neuralnetwork1\debug\neuralnetwork1.tlog\link.2144.write.1.tlog
c:\users\chris\source\repos\neuralnetwork1\neuralnetwork1\debug\neuralnetwork1.tlog\link.command.1.tlog
c:\users\chris\source\repos\neuralnetwork1\neuralnetwork1\debug\neuralnetwork1.tlog\link.read.1.tlog
c:\users\chris\source\repos\neuralnetwork1\neuralnetwork1\debug\neuralnetwork1.tlog\link.write.1.tlog
